Build started 09/06/2013 11:25:09.
     1>Project "O:\ish\Coding\ExploitationToolkit2\Code\icaruslib\ETv2\ETv2.vcxproj" on node 2 (build target(s)).
     1>InitializeBuildStatus:
         Touching "Release\icaruslib.unsuccessfulbuild".
       ClCompile:
         All outputs are up-to-date.
       Link:
         C:\Program Files (x86)\Microsoft Visual Studio 10.0\VC\bin\link.exe /ERRORREPORT:PROMPT /OUT:"O:\ish\Coding\ExploitationToolkit2\Code\icaruslib\Release\icaruslib.dll" /INCREMENTAL:NO /NOLOGO O:\ish\Coding\ExploitationToolkit2\Code\icaruslib\libs\iDisasm.lib kernel32.lib user32.lib gdi32.lib winspool.lib comdlg32.lib advapi32.lib shell32.lib ole32.lib oleaut32.lib uuid.lib odbc32.lib odbccp32.lib /MANIFEST /ManifestFile:"Release\icaruslib.dll.intermediate.manifest" /MANIFESTUAC:"level='asInvoker' uiAccess='false'" /DEBUG /PDB:"O:\ish\Coding\ExploitationToolkit2\Code\icaruslib\Release\icaruslib.pdb" /SUBSYSTEM:CONSOLE /OPT:REF /OPT:ICF /LTCG /TLBID:1 /DYNAMICBASE:NO /NXCOMPAT /IMPLIB:"O:\ish\Coding\ExploitationToolkit2\Code\icaruslib\Release\icaruslib.lib" /MACHINE:X86 /DLL Release\Address.obj
         Release\DataEncoder.obj
         Release\DataExecutionPrevention.obj
         Release\Disassembler.obj
         Release\ExceptionSignal.obj
         Release\ExecutionMonitor.obj
         Release\ExploitabilityAnalysis.obj
         Release\FormatString.obj
         Release\Function.obj
         Release\Fuzzer.obj
         Release\FuzzerGenerator.obj
         Release\FuzzerGeneratorExternal.obj
         Release\FuzzerGeneratorIcarus.obj
         Release\FuzzingPayload.obj
         Release\GadgetFinderX86.obj
         Release\GSBufferSec.obj
         Release\HexPattern.obj
         Release\ICallback.obj
         Release\IDebugger.obj
         Release\IExeHandler.obj
         Release\IGadgetFinder.obj
         Release\ImageHeaderMemory.obj
         Release\IMemory.obj
         Release\InstructionFinder.obj
         Release\IProtections.obj
         Release\IVulnerability.obj
         Release\main.obj
         Release\MemoryAllocator.obj
         Release\MemoryPage.obj
         Release\Pattern.obj
         Release\Payload.obj
         Release\PEParser.obj
         Release\ProcessExecutor.obj
         Release\IA32.obj
         Release\IProcessorArchitecture.obj
         Release\IRegister.obj
         Release\X86Register.obj
         Release\RopGadget.obj
         Release\Seh.obj
         Release\SehBufferOverflow.obj
         Release\StackAnalysis.obj
         Release\StackBufferOverflow.obj
         Release\ThreadStack.obj
         Release\TracedFunction.obj
         Release\UserInteraction.obj
         Release\WinASLR.obj
         Release\WindowsDebugger.obj
         Release\WindowsMemory.obj
         Release\WindowsProcessExecutor.obj
         Release\WindowsProtections.obj
         Release\WinError.obj
            Creating library O:\ish\Coding\ExploitationToolkit2\Code\icaruslib\Release\icaruslib.lib and object O:\ish\Coding\ExploitationToolkit2\Code\icaruslib\Release\icaruslib.exp
         Generating code
     1>o:\ish\coding\exploitationtoolkit2\code\icaruslib\etv2\peparser.cpp(432): warning C4715: 'PEParser::read_from_file' : not all control paths return a value
     1>o:\ish\coding\exploitationtoolkit2\code\icaruslib\etv2\payload.cpp(82): warning C4715: 'Payload::append_payload' : not all control paths return a value
     1>o:\ish\coding\exploitationtoolkit2\code\icaruslib\etv2\payload.cpp(59): warning C4715: 'Payload::append_addresses_payload' : not all control paths return a value
     1>o:\ish\coding\exploitationtoolkit2\code\icaruslib\etv2\fuzzingpayload.cpp(127): warning C4715: 'FuzzingPayload::parse_token' : not all control paths return a value
     1>o:\ish\coding\exploitationtoolkit2\code\icaruslib\etv2\exceptionsignal.cpp(169): warning C4715: 'ExceptionSignal::get_exception_name' : not all control paths return a value
     1>o:\ish\coding\exploitationtoolkit2\code\icaruslib\etv2\windowsdebugger.cpp(609): warning C4715: 'WindowsDebugger::windowsdebugger_step_breakpoint' : not all control paths return a value
     1>o:\ish\coding\exploitationtoolkit2\code\icaruslib\etv2\executionmonitor.cpp(80): warning C4715: 'ExecutionMonitor::create_and_monitor' : not all control paths return a value
     1>o:\ish\coding\exploitationtoolkit2\code\icaruslib\etv2\executionmonitor.cpp(66): warning C4715: 'ExecutionMonitor::attach_and_monitor' : not all control paths return a value
     1>o:\ish\coding\exploitationtoolkit2\code\icaruslib\etv2\processor\ia32.cpp(95): warning C4715: 'IA32::run_call_trace' : not all control paths return a value
         Finished generating code
         ETv2.vcxproj -> O:\ish\Coding\ExploitationToolkit2\Code\icaruslib\Release\icaruslib.dll
       Manifest:
         C:\Program Files (x86)\Microsoft SDKs\Windows\v7.0A\bin\mt.exe /nologo /verbose /outputresource:"O:\ish\Coding\ExploitationToolkit2\Code\icaruslib\Release\icaruslib.dll;#2" /manifest Release\icaruslib.dll.intermediate.manifest
       FinalizeBuildStatus:
         Deleting file "Release\icaruslib.unsuccessfulbuild".
         Touching "Release\icaruslib.lastbuildstate".
     1>Done Building Project "O:\ish\Coding\ExploitationToolkit2\Code\icaruslib\ETv2\ETv2.vcxproj" (build target(s)).

Build succeeded.

Time Elapsed 00:00:01.58
