O:\ISH\CODING\EXPLOITATIONTOOLKIT2\CODE\ICARUSLIB\ETV2\RELEASE\ADDRESS.OBJ
O:\ish\Coding\ExploitationToolkit2\Code\icaruslib\ETv2\Release\cl.command.1.tlog
O:\ish\Coding\ExploitationToolkit2\Code\icaruslib\ETv2\Release\CL.read.1.tlog
O:\ish\Coding\ExploitationToolkit2\Code\icaruslib\ETv2\Release\CL.write.1.tlog
O:\ISH\CODING\EXPLOITATIONTOOLKIT2\CODE\ICARUSLIB\ETV2\RELEASE\DATAENCODER.OBJ
O:\ISH\CODING\EXPLOITATIONTOOLKIT2\CODE\ICARUSLIB\ETV2\RELEASE\DATAEXECUTIONPREVENTION.OBJ
O:\ISH\CODING\EXPLOITATIONTOOLKIT2\CODE\ICARUSLIB\ETV2\RELEASE\DISASSEMBLER.OBJ
O:\ISH\CODING\EXPLOITATIONTOOLKIT2\CODE\ICARUSLIB\ETV2\RELEASE\EXCEPTIONSIGNAL.OBJ
O:\ISH\CODING\EXPLOITATIONTOOLKIT2\CODE\ICARUSLIB\ETV2\RELEASE\EXECUTIONMONITOR.OBJ
O:\ISH\CODING\EXPLOITATIONTOOLKIT2\CODE\ICARUSLIB\ETV2\RELEASE\EXPLOITABILITYANALYSIS.OBJ
O:\ISH\CODING\EXPLOITATIONTOOLKIT2\CODE\ICARUSLIB\ETV2\RELEASE\FORMATSTRING.OBJ
O:\ISH\CODING\EXPLOITATIONTOOLKIT2\CODE\ICARUSLIB\ETV2\RELEASE\FUNCTION.OBJ
O:\ISH\CODING\EXPLOITATIONTOOLKIT2\CODE\ICARUSLIB\ETV2\RELEASE\FUZZER.OBJ
O:\ISH\CODING\EXPLOITATIONTOOLKIT2\CODE\ICARUSLIB\ETV2\RELEASE\FUZZERGENERATOR.OBJ
O:\ISH\CODING\EXPLOITATIONTOOLKIT2\CODE\ICARUSLIB\ETV2\RELEASE\FUZZERGENERATOREXTERNAL.OBJ
O:\ISH\CODING\EXPLOITATIONTOOLKIT2\CODE\ICARUSLIB\ETV2\RELEASE\FUZZERGENERATORICARUS.OBJ
O:\ISH\CODING\EXPLOITATIONTOOLKIT2\CODE\ICARUSLIB\ETV2\RELEASE\FUZZINGPAYLOAD.OBJ
O:\ISH\CODING\EXPLOITATIONTOOLKIT2\CODE\ICARUSLIB\ETV2\RELEASE\GADGETFINDERX86.OBJ
O:\ISH\CODING\EXPLOITATIONTOOLKIT2\CODE\ICARUSLIB\ETV2\RELEASE\GSBUFFERSEC.OBJ
O:\ISH\CODING\EXPLOITATIONTOOLKIT2\CODE\ICARUSLIB\ETV2\RELEASE\HEXPATTERN.OBJ
O:\ISH\CODING\EXPLOITATIONTOOLKIT2\CODE\ICARUSLIB\ETV2\RELEASE\IA32.OBJ
O:\ISH\CODING\EXPLOITATIONTOOLKIT2\CODE\ICARUSLIB\ETV2\RELEASE\ICALLBACK.OBJ
O:\ISH\CODING\EXPLOITATIONTOOLKIT2\CODE\ICARUSLIB\ETV2\RELEASE\IDEBUGGER.OBJ
O:\ISH\CODING\EXPLOITATIONTOOLKIT2\CODE\ICARUSLIB\ETV2\RELEASE\IEXEHANDLER.OBJ
O:\ISH\CODING\EXPLOITATIONTOOLKIT2\CODE\ICARUSLIB\ETV2\RELEASE\IGADGETFINDER.OBJ
O:\ISH\CODING\EXPLOITATIONTOOLKIT2\CODE\ICARUSLIB\ETV2\RELEASE\IMAGEHEADERMEMORY.OBJ
O:\ISH\CODING\EXPLOITATIONTOOLKIT2\CODE\ICARUSLIB\ETV2\RELEASE\IMEMORY.OBJ
O:\ISH\CODING\EXPLOITATIONTOOLKIT2\CODE\ICARUSLIB\ETV2\RELEASE\INSTRUCTIONFINDER.OBJ
O:\ISH\CODING\EXPLOITATIONTOOLKIT2\CODE\ICARUSLIB\ETV2\RELEASE\IPROCESSORARCHITECTURE.OBJ
O:\ISH\CODING\EXPLOITATIONTOOLKIT2\CODE\ICARUSLIB\ETV2\RELEASE\IPROTECTIONS.OBJ
O:\ISH\CODING\EXPLOITATIONTOOLKIT2\CODE\ICARUSLIB\ETV2\RELEASE\IREGISTER.OBJ
O:\ISH\CODING\EXPLOITATIONTOOLKIT2\CODE\ICARUSLIB\ETV2\RELEASE\IVULNERABILITY.OBJ
O:\ish\Coding\ExploitationToolkit2\Code\icaruslib\ETv2\Release\link.command.1.tlog
O:\ish\Coding\ExploitationToolkit2\Code\icaruslib\ETv2\Release\link.read.1.tlog
O:\ish\Coding\ExploitationToolkit2\Code\icaruslib\ETv2\Release\link.write.1.tlog
O:\ISH\CODING\EXPLOITATIONTOOLKIT2\CODE\ICARUSLIB\ETV2\RELEASE\MAIN.OBJ
O:\ISH\CODING\EXPLOITATIONTOOLKIT2\CODE\ICARUSLIB\ETV2\RELEASE\MEMORYALLOCATOR.OBJ
O:\ISH\CODING\EXPLOITATIONTOOLKIT2\CODE\ICARUSLIB\ETV2\RELEASE\MEMORYPAGE.OBJ
O:\ISH\CODING\EXPLOITATIONTOOLKIT2\CODE\ICARUSLIB\ETV2\RELEASE\PATTERN.OBJ
O:\ISH\CODING\EXPLOITATIONTOOLKIT2\CODE\ICARUSLIB\ETV2\RELEASE\PAYLOAD.OBJ
O:\ISH\CODING\EXPLOITATIONTOOLKIT2\CODE\ICARUSLIB\ETV2\RELEASE\PEPARSER.OBJ
O:\ISH\CODING\EXPLOITATIONTOOLKIT2\CODE\ICARUSLIB\ETV2\RELEASE\PROCESSEXECUTOR.OBJ
O:\ISH\CODING\EXPLOITATIONTOOLKIT2\CODE\ICARUSLIB\ETV2\RELEASE\ROPGADGET.OBJ
O:\ISH\CODING\EXPLOITATIONTOOLKIT2\CODE\ICARUSLIB\ETV2\RELEASE\SEH.OBJ
O:\ISH\CODING\EXPLOITATIONTOOLKIT2\CODE\ICARUSLIB\ETV2\RELEASE\SEHBUFFEROVERFLOW.OBJ
O:\ISH\CODING\EXPLOITATIONTOOLKIT2\CODE\ICARUSLIB\ETV2\RELEASE\STACKANALYSIS.OBJ
O:\ISH\CODING\EXPLOITATIONTOOLKIT2\CODE\ICARUSLIB\ETV2\RELEASE\STACKBUFFEROVERFLOW.OBJ
O:\ISH\CODING\EXPLOITATIONTOOLKIT2\CODE\ICARUSLIB\ETV2\RELEASE\THREADSTACK.OBJ
O:\ISH\CODING\EXPLOITATIONTOOLKIT2\CODE\ICARUSLIB\ETV2\RELEASE\TRACEDFUNCTION.OBJ
O:\ISH\CODING\EXPLOITATIONTOOLKIT2\CODE\ICARUSLIB\ETV2\RELEASE\USERINTERACTION.OBJ
O:\ISH\CODING\EXPLOITATIONTOOLKIT2\CODE\ICARUSLIB\ETV2\RELEASE\VC100.PDB
O:\ISH\CODING\EXPLOITATIONTOOLKIT2\CODE\ICARUSLIB\ETV2\RELEASE\WINASLR.OBJ
O:\ISH\CODING\EXPLOITATIONTOOLKIT2\CODE\ICARUSLIB\ETV2\RELEASE\WINDOWSDEBUGGER.OBJ
O:\ISH\CODING\EXPLOITATIONTOOLKIT2\CODE\ICARUSLIB\ETV2\RELEASE\WINDOWSMEMORY.OBJ
O:\ISH\CODING\EXPLOITATIONTOOLKIT2\CODE\ICARUSLIB\ETV2\RELEASE\WINDOWSPROCESSEXECUTOR.OBJ
O:\ISH\CODING\EXPLOITATIONTOOLKIT2\CODE\ICARUSLIB\ETV2\RELEASE\WINDOWSPROTECTIONS.OBJ
O:\ISH\CODING\EXPLOITATIONTOOLKIT2\CODE\ICARUSLIB\ETV2\RELEASE\WINERROR.OBJ
O:\ISH\CODING\EXPLOITATIONTOOLKIT2\CODE\ICARUSLIB\ETV2\RELEASE\X86REGISTER.OBJ
